  BuildContext.cpp
  CompactHeightfieldEx.cpp
  ContoursEx.cpp
  HeightfieldEx.cpp
  HeightfieldLayerSet.cpp
  NMGen.cpp
  PolyMeshDetailEx.cpp
  PolyMeshEx.cpp
  Recast.cpp
..\..\..\src\nmgen-rcn\Recast\Source\Recast.cpp(63): warning C4996: 'vsnprintf': This function or variable may be unsafe. Consider using vsnprintf_s instead. To disable deprecation, use _CRT_SECURE_NO_WARNINGS. See online help for details.
          C:\Program Files (x86)\Microsoft Visual Studio 12.0\VC\include\stdio.h(337) : 参见“vsnprintf”的声明
  RecastAlloc.cpp
  RecastArea.cpp
  RecastContour.cpp
  RecastFilter.cpp
  RecastLayers.cpp
  RecastMesh.cpp
  RecastMeshDetail.cpp
  RecastRasterization.cpp
  RecastRegion.cpp
  正在生成代码...
d:\navmesh\cai-nav-0.4.0\source\src\nmgen-rcn\recast\source\recast.cpp(56): warning C4793: “rcContext::log”: 编译为本机的函数:
  	/clr 下不支持 varargs
d:\navmesh\cai-nav-0.4.0\source\src\nmgen-rcn\recast\source\recast.cpp(62): warning C4793: “rcContext::log”: 编译为本机的函数:
  	托管代码中发现一个不受支持的内部函数
d:\navmesh\cai-nav-0.4.0\source\src\nmgen-rcn\recast\source\recast.cpp(69): warning C4793: “rcContext::log”: 编译为本机的函数:
  	托管代码中发现一个不受支持的内部函数
  .NETFramework,Version=v4.0.AssemblyAttributes.cpp
     正在创建库 ..\bin\Debug\cai-nmgen-rcn.lib 和对象 ..\bin\Debug\cai-nmgen-rcn.exp
  cai-nmgen-rcn.vcxproj -> D:\NavMesh\cai-nav-0.4.0\source\build\unity\nmgen-rcn\..\bin\Debug\cai-nmgen-rcn.dll
